<?xml version="1.0" encoding="UTF-8"?>
<!-- Generated by org.testng.reporters.JUnitReportReporter -->
<testsuite hostname="LAPTOP-QMTS6C4Q" failures="0" tests="6" name="testcases.CartTest" time="20.356" errors="0" timestamp="2025-09-06T13:04:26 IST" skipped="0">
  <testcase classname="testcases.CartTest" name="testAddMultipleProductsToCart" time="2.795"/>
  <testcase classname="testcases.CartTest" name="testRemoveProductFromCart" time="3.451"/>
  <testcase classname="testcases.CartTest" name="testValidateCartSummary" time="3.471"/>
  <testcase classname="testcases.CartTest" name="testCartPersistenceAcrossSessions" time="4.058"/>
  <testcase classname="testcases.CartTest" name="testCheckoutWithEmptyCart" time="3.166"/>
  <testcase classname="testcases.CartTest" name="testInvalidSessionRedirection" time="3.415"/>
</testsuite> <!-- testcases.CartTest -->
