<?xml version="1.0" encoding="UTF-8"?>
<!-- Generated by org.testng.reporters.JUnitReportReporter -->
<testsuite hostname="LAPTOP-QMTS6C4Q" failures="0" tests="2" name="testcases.LoginTest" time="14.746" errors="0" timestamp="2025-09-06T14:54:35 IST" skipped="0">
  <testcase classname="testcases.LoginTest" name="validLoginTest" time="2.410"/>
  <testcase classname="testcases.LoginTest" name="crossBrowserLoginTest" time="12.336"/>
</testsuite> <!-- testcases.LoginTest -->
