<?xml version="1.0" encoding="UTF-8"?>
<!-- Generated by org.testng.reporters.JUnitReportReporter -->
<testsuite hostname="LAPTOP-QMTS6C4Q" failures="0" tests="7" name="testcases.CheckoutTest" time="33.014" errors="0" timestamp="2025-09-06T13:04:26 IST" skipped="0">
  <testcase classname="testcases.CheckoutTest" name="testCompleteCheckoutWithValidData" time="4.804"/>
  <testcase classname="testcases.CheckoutTest" name="testCompleteCheckoutWithValidDataRepeat" time="4.920"/>
  <testcase classname="testcases.CheckoutTest" name="testCheckoutWithEmptyFields" time="4.248"/>
  <testcase classname="testcases.CheckoutTest" name="testCheckoutWithInvalidPostalCode" time="4.383"/>
  <testcase classname="testcases.CheckoutTest" name="testCancelCheckoutSteps" time="4.969"/>
  <testcase classname="testcases.CheckoutTest" name="testOrderSummaryValidation" time="4.794"/>
  <testcase classname="testcases.CheckoutTest" name="testOrderConfirmationPageValidation" time="4.896"/>
</testsuite> <!-- testcases.CheckoutTest -->
