<?xml version="1.0" encoding="UTF-8"?>
<!-- Generated by org.testng.reporters.JUnitReportReporter -->
<testsuite hostname="LAPTOP-QMTS6C4Q" failures="0" tests="8" name="testcases.ProductsTest" time="48.117" errors="0" timestamp="2025-09-06T13:04:26 IST" skipped="0">
  <testcase classname="testcases.ProductsTest" name="testSidebarNavigation" time="21.559"/>
  <testcase classname="testcases.ProductsTest" name="testSortByNameZToA" time="4.359"/>
  <testcase classname="testcases.ProductsTest" name="testInvalidFilterOption" time="3.363"/>
  <testcase classname="testcases.ProductsTest" name="testProductDetailsVerification" time="4.313"/>
  <testcase classname="testcases.ProductsTest" name="testSortByPriceLowHigh" time="3.561"/>
  <testcase classname="testcases.ProductsTest" name="testUIResponsiveness" time="3.925"/>
  <testcase classname="testcases.ProductsTest" name="testSortByPriceHighLow" time="3.635"/>
  <testcase classname="testcases.ProductsTest" name="testSortByNameAToZ" time="3.402"/>
</testsuite> <!-- testcases.ProductsTest -->
