<?xml version="1.0" encoding="UTF-8"?>
<!-- Generated by org.testng.reporters.JUnitReportReporter -->
<testsuite hostname="LAPTOP-QMTS6C4Q" failures="0" tests="1" name="runners.TestRunner" time="22.905" errors="0" timestamp="2025-09-06T12:37:37 IST" skipped="0">
  <testcase classname="runners.TestRunner" name="runScenario" time="22.905"/>
</testsuite> <!-- runners.TestRunner -->
